    _                _                      
   / \   ___ ___ ___| | ___ _ __ __ _ _   _ 
  / _ \ / __/ __/ _ \ |/ _ \ '__/ _` | | | |
 / ___ \ (_| (_|  __/ |  __/ | | (_| | |_| |
/_/   \_\___\___\___|_|\___|_|  \__, |\__, |
                                |___/ |___/ 

Info: generating outputs according to the following specified output flags... 
 Please use the -f flag to update the preference (default to all output files) 
{'ERT': 1, 'ERT_summary': 1, 'ART': 1, 'ART_summary': 1, 'energy_estimation': 1, 'flattened_arch': 1}
Info: config file located: /root/.config/accelergy/accelergy_config.yaml 
config file content: 
 {'compound_components': [], 'estimator_plug_ins': ['/usr/local/share/accelergy/estimation_plug_ins'], 'primitive_components': ['/usr/local/share/accelergy/primitive_component_libs'], 'table_plug_ins': {'roots': ['/usr/local/share/accelergy/estimation_plug_ins/accelergy-table-based-plug-ins/set_of_table_templates']}, 'version': 0.3}
Warn: Cannot recognize the top key "problem" in file /workspace/DeepFrack/Journal/Results/anet-hbm/anet/AlexNet_layer1New.yaml 
Warn: Cannot recognize the top key "architecture_constraints" in file /workspace/DeepFrack/Journal/archs/enx3dHBMauto/constraints/Start.yaml 
Warn: Cannot recognize the top key "mapspace_constraints" in file /workspace/DeepFrack/Journal/archs/enx3dHBMauto/constraints/map_constraints.yaml 
Warn: Cannot recognize the top key "mapper" in file /workspace/DeepFrack/Journal/archs/enx3dHBMauto/mapper/mapper.yaml 
Info: Parsing file /workspace/DeepFrack/Journal/archs/enx3dHBMauto/arch/enx3d.yaml for architecture info 
Info: Found non-numeric expression 45nm. Available bindings: {'datawidth': 8, 'word-bits': 8, 'technology': '45nm'} 
WARN: Failed to evaluate "45nm". Setting System.technology="45nm". Available bindings: {'datawidth': 8, 'word-bits': 8, 'technology': '45nm'}
Info: Found non-numeric expression 1ns. Available bindings: {'latency': '1ns', 'datawidth': 8, 'meshX': 4, 'word-bits': 8, 'technology': '45nm'} 
WARN: Failed to evaluate "1ns". Setting variables.latency="1ns". Available bindings: {'name': 'LMAC[0..63]', 'class': 'compute', 'subclass': 'lmac', 'attributes': {'latency': '1ns', 'datawidth': 8, 'meshX': 4, 'word-bits': 8, 'technology': '45nm'}}
Info: Found non-numeric expression HBM2. Available bindings: {'type': 'HBM2', 'width': 8, 'word-bits': 8, 'cluster-size': 1, 'read_bandwidth': 32, 'write_bandwidth': 32, 'meshX': 1, 'datawidth': 8, 'technology': '45nm'} 
WARN: Failed to evaluate "HBM2". Setting variables.type="HBM2". Available bindings: {'name': 'HBM', 'class': 'DRAM', 'attributes': {'type': 'HBM2', 'width': 8, 'word-bits': 8, 'cluster-size': 1, 'read_bandwidth': 32, 'write_bandwidth': 32, 'meshX': 1, 'datawidth': 8, 'technology': '45nm'}}
Info: Found non-numeric expression DDR4. Available bindings: {'type': 'DDR4', 'width': 8, 'block-size': 1, 'word-bits': 8, 'shared_bandwidth': 6, 'datawidth': 8, 'technology': '45nm'} 
WARN: Failed to evaluate "DDR4". Setting variables.type="DDR4". Available bindings: {'name': 'DRAM', 'class': 'DRAM', 'attributes': {'type': 'DDR4', 'width': 8, 'block-size': 1, 'word-bits': 8, 'shared_bandwidth': 6, 'datawidth': 8, 'technology': '45nm'}}
Info: Parsing file /workspace/DeepFrack/Journal/archs/enx3dHBMauto/arch/components/lmac.yaml for compound_components info 
Info: Parsing file /workspace/DeepFrack/Journal/archs/enx3dHBMauto/arch/components/smartbuffer_SRAM.yaml for compound_components info 
Info: primitive component file parsed:  /usr/local/share/accelergy/primitive_component_libs/soc_primitives.lib.yaml 
Info: primitive component file parsed:  /usr/local/share/accelergy/primitive_component_libs/pim_primitive_component.lib.yaml 
Info: primitive component file parsed:  /usr/local/share/accelergy/primitive_component_libs/primitive_component.lib.yaml 
Info: Found non-numeric expression 5ns. Available bindings: {'memory_depth': 2, 'memory_width': 8, 'word-bits': 8, 'cluster-size': 1, 'num-ports': 2, 'meshX': 4, 'datawidth': 8, 'technology': '45nm', 'width': 16, 'depth': 1, 'n_ports': 2, 'latency': '5ns'} 
WARN: Failed to evaluate "5ns". Setting System.ws[0..15].PE[0..3].PEWeightRegs[0..63].latency="5ns". Available bindings: {'memory_depth': 2, 'memory_width': 8, 'word-bits': 8, 'cluster-size': 1, 'num-ports': 2, 'meshX': 4, 'datawidth': 8, 'technology': '45nm', 'width': 16, 'depth': 1, 'n_ports': 2, 'latency': '5ns'}
Info: Found non-numeric expression latency. Available bindings: {'memory_depth': 128, 'memory_width': 64, 'word-bits': 8, 'cluster-size': 1, 'meshX': 4, 'datawidth': 8, 'technology': '45nm', 'n_rdwr_ports': 2, 'n_banks': 1, 'n_buffets': 1} 
WARN: Failed to evaluate "latency". Setting storage.latency="latency". Available bindings: {'memory_depth': 128, 'memory_width': 64, 'word-bits': 8, 'cluster-size': 1, 'meshX': 4, 'datawidth': 8, 'technology': '45nm', 'n_rdwr_ports': 2, 'n_banks': 1, 'n_buffets': 1}
Info: Calculated "log(memory_depth)" = 4.852030263919617 
Info: Calculated "n_banks" = 1 
Info: Calculated "log(memory_depth)" = 8.317766166719343 
Info: estimator plug-in identified by:  /usr/local/share/accelergy/estimation_plug_ins/accelergy-table-based-plug-ins/table.estimator.yaml 
table-based-plug-ins Identifies a set of tables named:  test_tables
Info: estimator plug-in identified by:  /usr/local/share/accelergy/estimation_plug_ins/accelergy-cacti-plug-in/cacti.estimator.yaml 
Info: estimator plug-in identified by:  /usr/local/share/accelergy/estimation_plug_ins/dummy_tables/dummy.estimator.yaml 
Info: estimator plug-in identified by:  /usr/local/share/accelergy/estimation_plug_ins/accelergy-aladdin-plug-in/aladdin.estimator.yaml 
Info: CACTI plug-in... Querying CACTI for request:
 {'class_name': 'SRAM', 'attributes': OrderedDict([('technology', '45nm'), ('width', 64), ('depth', 128), ('latency', 'latency'), ('n_rdwr_ports', 2), ('n_banks', 1), ('n_rd_ports', 0), ('n_wr_ports', 0)]), 'action_name': 'write', 'arguments': {'data_delta': 0, 'address_delta': 0}}
copy  /usr/local/share/accelergy/estimation_plug_ins/accelergy-cacti-plug-in/default_SRAM.cfg  to  /usr/local/share/accelergy/estimation_plug_ins/accelergy-cacti-plug-in/cacti/timeloop-mapper.03_05_02_08_53_SRAM.cfg
CACTI plug-in removing temp file:  /usr/local/share/accelergy/estimation_plug_ins/accelergy-cacti-plug-in/cacti/timeloop-mapper.03_05_02_08_53_SRAM.cfg
Info: CACTI plug-in... Querying CACTI for request:
 {'class_name': 'SRAM', 'attributes': OrderedDict([('technology', '45nm'), ('width', 8), ('depth', 128), ('latency', 'latency'), ('n_rdwr_ports', 2), ('n_banks', 1), ('n_rd_ports', 0), ('n_wr_ports', 0)]), 'action_name': 'write', 'arguments': {'data_delta': 0, 'address_delta': 0}}
WARN: CACTI Plug-in...  intended SRAM size is smaller than 64 words
intended SRAM size: 128 block size: 4
corrected SRAM size: 256
copy  /usr/local/share/accelergy/estimation_plug_ins/accelergy-cacti-plug-in/default_SRAM.cfg  to  /usr/local/share/accelergy/estimation_plug_ins/accelergy-cacti-plug-in/cacti/timeloop-mapper.03_05_02_08_53_SRAM.cfg
CACTI plug-in removing temp file:  /usr/local/share/accelergy/estimation_plug_ins/accelergy-cacti-plug-in/cacti/timeloop-mapper.03_05_02_08_53_SRAM.cfg
Info: CACTI plug-in... Querying CACTI for request:
 {'class_name': 'SRAM', 'attributes': OrderedDict([('technology', '45nm'), ('width', 32), ('depth', 4096), ('latency', 'latency'), ('n_rdwr_ports', 2), ('n_banks', 1), ('n_rd_ports', 0), ('n_wr_ports', 0)]), 'action_name': 'write', 'arguments': {'data_delta': 0, 'address_delta': 0}}
copy  /usr/local/share/accelergy/estimation_plug_ins/accelergy-cacti-plug-in/default_SRAM.cfg  to  /usr/local/share/accelergy/estimation_plug_ins/accelergy-cacti-plug-in/cacti/timeloop-mapper.03_05_02_08_53_SRAM.cfg
CACTI plug-in removing temp file:  /usr/local/share/accelergy/estimation_plug_ins/accelergy-cacti-plug-in/cacti/timeloop-mapper.03_05_02_08_53_SRAM.cfg
Warn: No action counts are specified as yaml input 
Info: flattened architecture is saved to: /workspace/DeepFrack/Journal/Results/anet-hbm/benchmarks/Start/Layer1/Tile56/timeloop-mapper.flattened_architecture.yaml 
Info: energy reference table is saved to: /workspace/DeepFrack/Journal/Results/anet-hbm/benchmarks/Start/Layer1/Tile56/timeloop-mapper.ERT.yaml 
Info: energy reference table summary is saved to: /workspace/DeepFrack/Journal/Results/anet-hbm/benchmarks/Start/Layer1/Tile56/timeloop-mapper.ERT_summary.yaml 
Warn: no runtime energy estimations are generated... not generating energy_estimation.yaml 
Info: area reference table is saved to: /workspace/DeepFrack/Journal/Results/anet-hbm/benchmarks/Start/Layer1/Tile56/timeloop-mapper.ART.yaml 
Info: area reference table summary is saved to: /workspace/DeepFrack/Journal/Results/anet-hbm/benchmarks/Start/Layer1/Tile56/timeloop-mapper.ART_summary.yaml 
