    _                _                      
   / \   ___ ___ ___| | ___ _ __ __ _ _   _ 
  / _ \ / __/ __/ _ \ |/ _ \ '__/ _` | | | |
 / ___ \ (_| (_|  __/ |  __/ | | (_| | |_| |
/_/   \_\___\___\___|_|\___|_|  \__, |\__, |
                                |___/ |___/ 

Info: generating outputs according to the following specified output flags... 
 Please use the -f flag to update the preference (default to all output files) 
{'ERT': 1, 'ERT_summary': 1, 'ART': 1, 'ART_summary': 1, 'energy_estimation': 1, 'flattened_arch': 1}
Info: config file located: /root/.config/accelergy/accelergy_config.yaml 
config file content: 
 {'compound_components': [], 'estimator_plug_ins': ['/usr/local/share/accelergy/estimation_plug_ins'], 'primitive_components': ['/usr/local/share/accelergy/primitive_component_libs'], 'table_plug_ins': {'roots': ['/usr/local/share/accelergy/estimation_plug_ins/accelergy-table-based-plug-ins/set_of_table_templates']}, 'version': 0.3}
Warn: Cannot recognize the top key "problem" in file /TestingDF/DeepFrack_temp/Examples/VGG_Simba/VGG02/VGG02_layer10New.yaml 
Warn: Cannot recognize the top key "architecture_constraints" in file /TestingDF/DeepFrack_temp/Examples/VGG_Simba/simba_like/constraints/Start.yaml 
Warn: Cannot recognize the top key "mapspace_constraints" in file /TestingDF/DeepFrack_temp/Examples/VGG_Simba/simba_like/constraints/simba_like_map_constraints.yaml 
Warn: Cannot recognize the top key "mapper" in file /TestingDF/DeepFrack_temp/Examples/VGG_Simba/simba_like/mapper/mapper.yaml 
Info: Parsing file /TestingDF/DeepFrack_temp/Examples/VGG_Simba/simba_like/arch/simba_like.yaml for architecture info 
Info: Found non-numeric expression 45nm. Available bindings: {'datawidth': 16, 'word-bits': 16, 'technology': '45nm', 'latency': '0.5ns'} 
WARN: Failed to evaluate "45nm". Setting System.technology="45nm". Available bindings: {'datawidth': 16, 'word-bits': 16, 'technology': '45nm', 'latency': '0.5ns'}
Info: Found non-numeric expression 0.5ns. Available bindings: {'datawidth': 16, 'word-bits': 16, 'technology': '45nm', 'latency': '0.5ns'} 
WARN: Failed to evaluate "0.5ns". Setting System.latency="0.5ns". Available bindings: {'datawidth': 16, 'word-bits': 16, 'technology': '45nm', 'latency': '0.5ns'}
Info: Found non-numeric expression DDR4. Available bindings: {'type': 'DDR4', 'width': 16, 'block-size': 1, 'word-bits': 16, 'shared_bandwidth': 6, 'datawidth': 16, 'technology': '45nm', 'latency': '0.5ns'} 
WARN: Failed to evaluate "DDR4". Setting variables.type="DDR4". Available bindings: {'name': 'DRAM', 'class': 'DRAM', 'attributes': {'type': 'DDR4', 'width': 16, 'block-size': 1, 'word-bits': 16, 'shared_bandwidth': 6, 'datawidth': 16, 'technology': '45nm', 'latency': '0.5ns'}}
Info: Parsing file /TestingDF/DeepFrack_temp/Examples/VGG_Simba/simba_like/arch/components/lmac.yaml for compound_components info 
Info: Parsing file /TestingDF/DeepFrack_temp/Examples/VGG_Simba/simba_like/arch/components/reg_storage.yaml for compound_components info 
Info: Parsing file /TestingDF/DeepFrack_temp/Examples/VGG_Simba/simba_like/arch/components/smartbuffer_RF.yaml for compound_components info 
Info: Parsing file /TestingDF/DeepFrack_temp/Examples/VGG_Simba/simba_like/arch/components/smartbuffer_SRAM.yaml for compound_components info 
Info: primitive component file parsed:  /usr/local/share/accelergy/primitive_component_libs/soc_primitives.lib.yaml 
Info: primitive component file parsed:  /usr/local/share/accelergy/primitive_component_libs/pim_primitive_component.lib.yaml 
Info: primitive component file parsed:  /usr/local/share/accelergy/primitive_component_libs/primitive_component.lib.yaml 
Info: Found non-numeric expression 5ns. Available bindings: OrderedDict([('technology', '45nm'), ('width', 128), ('depth', 1024), ('n_rdwr_ports', 2), ('n_banks', 1), ('n_rd_ports', 0), ('n_wr_ports', 0), ('latency', '5ns')]) 
WARN: Failed to evaluate "5ns". Setting storage.latency="5ns". Available bindings: OrderedDict([('technology', '45nm'), ('width', 128), ('depth', 1024), ('n_rdwr_ports', 2), ('n_banks', 1), ('n_rd_ports', 0), ('n_wr_ports', 0), ('latency', '5ns')])
Info: Calculated "log(memory_depth)" = 6.931471805599453 
Info: Calculated "n_banks" = 1 
Info: Calculated "log(memory_depth)" = 6.238324625039508 
Info: Calculated "log(memory_depth)" = 4.1588830833596715 
Info: Calculated "log(memory_depth)" = 0 
Info: Calculated "log(memory_depth)" = 7.6246189861593985 
Info: estimator plug-in identified by:  /usr/local/share/accelergy/estimation_plug_ins/accelergy-table-based-plug-ins/table.estimator.yaml 
table-based-plug-ins Identifies a set of tables named:  test_tables
Info: estimator plug-in identified by:  /usr/local/share/accelergy/estimation_plug_ins/dummy_tables/dummy.estimator.yaml 
Info: estimator plug-in identified by:  /usr/local/share/accelergy/estimation_plug_ins/accelergy-aladdin-plug-in/aladdin.estimator.yaml 
Info: estimator plug-in identified by:  /usr/local/share/accelergy/estimation_plug_ins/accelergy-cacti-plug-in/cacti.estimator.yaml 
Info: CACTI plug-in... Querying CACTI for request:
 {'class_name': 'SRAM', 'attributes': OrderedDict([('technology', '45nm'), ('width', 128), ('depth', 1024), ('n_rdwr_ports', 2), ('n_banks', 1), ('n_rd_ports', 0), ('n_wr_ports', 0), ('latency', '5ns')]), 'action_name': 'write', 'arguments': {'data_delta': 0, 'address_delta': 0}}
copy  /usr/local/share/accelergy/estimation_plug_ins/accelergy-cacti-plug-in/default_SRAM.cfg  to  /usr/local/share/accelergy/estimation_plug_ins/accelergy-cacti-plug-in/cacti/timeloop-mapper.03_10_09_04_35_SRAM.cfg
CACTI plug-in removing temp file:  /usr/local/share/accelergy/estimation_plug_ins/accelergy-cacti-plug-in/cacti/timeloop-mapper.03_10_09_04_35_SRAM.cfg
Info: CACTI plug-in... Querying CACTI for request:
 {'class_name': 'SRAM', 'attributes': OrderedDict([('technology', '45nm'), ('width', 128), ('depth', 512), ('n_rdwr_ports', 2), ('n_banks', 1), ('n_rd_ports', 0), ('n_wr_ports', 0), ('latency', '5ns')]), 'action_name': 'write', 'arguments': {'data_delta': 0, 'address_delta': 0}}
copy  /usr/local/share/accelergy/estimation_plug_ins/accelergy-cacti-plug-in/default_SRAM.cfg  to  /usr/local/share/accelergy/estimation_plug_ins/accelergy-cacti-plug-in/cacti/timeloop-mapper.03_10_09_04_35_SRAM.cfg
CACTI plug-in removing temp file:  /usr/local/share/accelergy/estimation_plug_ins/accelergy-cacti-plug-in/cacti/timeloop-mapper.03_10_09_04_35_SRAM.cfg
Info: CACTI plug-in... Querying CACTI for request:
 {'class_name': 'SRAM', 'attributes': OrderedDict([('technology', '45nm'), ('width', 64), ('depth', 64), ('n_rdwr_ports', 2), ('n_banks', 1), ('n_rd_ports', 0), ('n_wr_ports', 0), ('latency', '5ns')]), 'action_name': 'write', 'arguments': {'data_delta': 0, 'address_delta': 0}}
copy  /usr/local/share/accelergy/estimation_plug_ins/accelergy-cacti-plug-in/default_SRAM.cfg  to  /usr/local/share/accelergy/estimation_plug_ins/accelergy-cacti-plug-in/cacti/timeloop-mapper.03_10_09_04_35_SRAM.cfg
CACTI plug-in removing temp file:  /usr/local/share/accelergy/estimation_plug_ins/accelergy-cacti-plug-in/cacti/timeloop-mapper.03_10_09_04_35_SRAM.cfg
Info: CACTI plug-in... Querying CACTI for request:
 {'class_name': 'SRAM', 'attributes': OrderedDict([('technology', '45nm'), ('width', 512), ('depth', 2048), ('n_rdwr_ports', 2), ('n_banks', 1), ('n_rd_ports', 0), ('n_wr_ports', 0), ('latency', '5ns')]), 'action_name': 'write', 'arguments': {'data_delta': 0, 'address_delta': 0}}
copy  /usr/local/share/accelergy/estimation_plug_ins/accelergy-cacti-plug-in/default_SRAM.cfg  to  /usr/local/share/accelergy/estimation_plug_ins/accelergy-cacti-plug-in/cacti/timeloop-mapper.03_10_09_04_35_SRAM.cfg
CACTI plug-in removing temp file:  /usr/local/share/accelergy/estimation_plug_ins/accelergy-cacti-plug-in/cacti/timeloop-mapper.03_10_09_04_35_SRAM.cfg
Warn: No action counts are specified as yaml input 
Info: flattened architecture is saved to: /TestingDF/DeepFrack_temp/Examples/VGG_Simba/BenchMarkLogFiles/Start/Layer10/Tile24/timeloop-mapper.flattened_architecture.yaml 
Info: energy reference table is saved to: /TestingDF/DeepFrack_temp/Examples/VGG_Simba/BenchMarkLogFiles/Start/Layer10/Tile24/timeloop-mapper.ERT.yaml 
Info: energy reference table summary is saved to: /TestingDF/DeepFrack_temp/Examples/VGG_Simba/BenchMarkLogFiles/Start/Layer10/Tile24/timeloop-mapper.ERT_summary.yaml 
Warn: no runtime energy estimations are generated... not generating energy_estimation.yaml 
Info: area reference table is saved to: /TestingDF/DeepFrack_temp/Examples/VGG_Simba/BenchMarkLogFiles/Start/Layer10/Tile24/timeloop-mapper.ART.yaml 
Info: area reference table summary is saved to: /TestingDF/DeepFrack_temp/Examples/VGG_Simba/BenchMarkLogFiles/Start/Layer10/Tile24/timeloop-mapper.ART_summary.yaml 
